<?xml version="1.0" encoding="UTF-8"?>
<!-- Generated by org.testng.reporters.JUnitReportReporter -->
<testsuite hostname="DESKTOP-BQCO4F2" failures="0" tests="2" name="udemyworkout.Javastreams" time="0.009" errors="0" timestamp="2022-12-08T22:19:54 GMT" skipped="0">
  <testcase classname="udemyworkout.Javastreams" name="normalMethod" time="0.000"/>
  <system-out/>
  <testcase classname="udemyworkout.Javastreams" name="method1" time="0.009"/>
  <system-out/>
</testsuite> <!-- udemyworkout.Javastreams -->
